Arguments: 
  C:\Program Files\nodejs\node.exe C:\Users\asshi\AppData\Roaming\npm\node_modules\yarn\bin\yarn.js add tabulator-tables

PATH: 
  C:\Program Files\Java\jdk-20\bin;C:\Program Files\Common Files\Oracle\Java\javapath;C:\Program Files (x86)\Common Files\Oracle\Java\javapath;C:\Program Files\Eclipse Adoptium\jdk-8.0.322.6-hotspot\bin;C:\Program Files\Eclipse Adoptium\jre-8.0.322.6-hotspot\bin;C:\WINDOWS\system32;C:\WINDOWS;C:\WINDOWS\System32\Wbem;C:\WINDOWS\System32\WindowsPowerShell\v1.0\;C:\WINDOWS\System32\OpenSSH\;C:\Program Files\PuTTY\;C:\Program Files\Microsoft VS Code\bin;C:\Program Files\nodejs\;C:\Program Files\Git\cmd;C:\xampp7\php;D:\xampp8.2\php;D:\xampp8\php;C:\ProgramData\ComposerSetup\bin;C:\Program Files (x86)\Microsoft SQL Server\150\Tools\Binn\;C:\Program Files\Microsoft SQL Server\150\Tools\Binn\;C:\Program Files (x86)\Microsoft SQL Server\150\DTS\Binn\;C:\Program Files\Microsoft SQL Server\150\DTS\Binn\;C:\Program Files\Microsoft SQL Server\Client SDK\ODBC\170\Tools\Binn\;C:\Program Files\Azure Data Studio\bin;C:\Program Files (x86)\Microsoft SQL Server\100\Tools\Binn\;C:\Program Files\Microsoft SQL Server\100\Tools\Binn\;C:\Program Files\Microsoft SQL Server\100\DTS\Binn\;C:\Program Files (x86)\Microsoft SQL Server\100\Tools\Binn\VSShell\Common7\IDE\;C:\Program Files (x86)\Microsoft SQL Server\100\DTS\Binn\;C:\Program Files\dotnet\;C:\Program Files\Microsoft SQL Server\130\Tools\Binn\;C:\Users\asshi\AppData\Local\Programs\Python\Python311;C:\Users\asshi\AppData\Local\Programs\Python\Python311\Scripts;D:\dart-sdk\bin;C:\Program Files\Java\jre-1.8\bin;D:\flutter\bin;C:\Users\asshi\AppData\Local\Programs\Python\Python311\Scripts\;C:\Users\asshi\AppData\Local\Programs\Python\Python311\;C:\Users\asshi\AppData\Local\Microsoft\WindowsApps;C:\Users\asshi\AppData\Roaming\npm;C:\xampp7\php;C:\Users\asshi\AppData\Roaming\Composer\vendor\bin;C:\Program Files\Azure Data Studio\bin;C:\Users\asshi\.dotnet\tools;D:\src\flutter\bin;D:\flutter\bin;

Yarn version: 
  1.22.18

Node version: 
  16.15.0

Platform: 
  win32 x64

Trace: 
  SyntaxError: D:\xampp\htdocs\ABDUL\tunas_muda\public\assets\package.json: Unexpected token } in JSON at position 86
      at JSON.parse (<anonymous>)
      at C:\Users\asshi\AppData\Roaming\npm\node_modules\yarn\lib\cli.js:1625:59
      at Generator.next (<anonymous>)
      at step (C:\Users\asshi\AppData\Roaming\npm\node_modules\yarn\lib\cli.js:310:30)
      at C:\Users\asshi\AppData\Roaming\npm\node_modules\yarn\lib\cli.js:321:13

npm manifest: 
  {
    "dependencies": {
      "ckeditor4": "^4.13.0",
      "tabulator-tables": "^5.5.0",
    }
  }

yarn manifest: 
  No manifest

Lockfile: 
  # THIS IS AN AUTOGENERATED FILE. DO NOT EDIT THIS FILE DIRECTLY.
  # yarn lockfile v1
  
  
  tabulator-tables@4.9.3:
    version "4.9.3"
    resolved "https://registry.yarnpkg.com/tabulator-tables/-/tabulator-tables-4.9.3.tgz#89ea8f9bffc11ba9a789369b5165ac82da26f4f0"
    integrity sha512-iwwQqAEGGxlgrBpcmJJvMJrfjGLcCXOB3AOb/DGkXqBy1YKoYA36hIl7qXGp6Jo8dSkzFAlDT6pKLZgyhs9OnQ==
